[0.010s] Invoking command in '/home/clue/pantilt_ros2/build/pantilt_bot_description': AMENT_PREFIX_PATH=/home/clue/pantilt_ros2/install/pca9685_hardware_interface:${AMENT_PREFIX_PATH} CMAKE_PREFIX_PATH=/home/clue/pantilt_ros2/install/pca9685_hardware_interface:/opt/ros/humble LD_LIBRARY_PATH=/home/clue/pantilt_ros2/install/pca9685_hardware_interface/lib:${LD_LIBRARY_PATH} /usr/bin/cmake /home/clue/pantilt_ros2/src/pantilt_bot_description -DCMAKE_INSTALL_PREFIX=/home/clue/pantilt_ros2/install/pantilt_bot_description
[0.069s] -- The C compiler identification is GNU 11.4.0
[0.132s] -- The CXX compiler identification is GNU 11.4.0
[0.141s] -- Detecting C compiler ABI info
[0.215s] -- Detecting C compiler ABI info - done
[0.228s] -- Check for working C compiler: /usr/bin/cc - skipped
[0.228s] -- Detecting C compile features
[0.228s] -- Detecting C compile features - done
[0.231s] -- Detecting CXX compiler ABI info
[0.315s] -- Detecting CXX compiler ABI info - done
[0.324s] -- Check for working CXX compiler: /usr/bin/c++ - skipped
[0.325s] -- Detecting CXX compile features
[0.325s] -- Detecting CXX compile features - done
[0.329s] -- Found ament_cmake: 1.3.9 (/opt/ros/humble/share/ament_cmake/cmake)
[0.498s] -- Found Python3: /usr/bin/python3 (found version "3.10.12") found components: Interpreter 
[0.598s] -- Found robot_state_publisher: 3.0.3 (/opt/ros/humble/share/robot_state_publisher/cmake)
[0.644s] -- Found rosidl_generator_c: 3.1.5 (/opt/ros/humble/share/rosidl_generator_c/cmake)
[0.651s] -- Found rosidl_adapter: 3.1.5 (/opt/ros/humble/share/rosidl_adapter/cmake)
[0.660s] -- Found rosidl_generator_cpp: 3.1.5 (/opt/ros/humble/share/rosidl_generator_cpp/cmake)
[0.676s] -- Using all available rosidl_typesupport_c: rosidl_typesupport_fastrtps_c;rosidl_typesupport_introspection_c
[0.698s] -- Using all available rosidl_typesupport_cpp: rosidl_typesupport_fastrtps_cpp;rosidl_typesupport_introspection_cpp
[0.860s] -- Found eigen3_cmake_module: 0.1.1 (/opt/ros/humble/share/eigen3_cmake_module/cmake)
[0.861s] -- Found Eigen3: TRUE (found version "3.4.0") 
[0.861s] -- Ensuring Eigen3 include directory is part of orocos-kdl CMake target
[0.939s] -- Found rmw_implementation_cmake: 6.1.2 (/opt/ros/humble/share/rmw_implementation_cmake/cmake)
[0.942s] -- Found rmw_fastrtps_cpp: 6.2.6 (/opt/ros/humble/share/rmw_fastrtps_cpp/cmake)
[1.055s] -- Found OpenSSL: /usr/lib/x86_64-linux-gnu/libcrypto.so (found version "3.0.2")  
[1.087s] -- Found FastRTPS: /opt/ros/humble/include  
[1.142s] -- Using RMW implementation 'rmw_fastrtps_cpp' as default
[1.154s] -- Looking for pthread.h
[1.234s] -- Looking for pthread.h - found
[1.234s] -- Performing Test CMAKE_HAVE_LIBC_PTHREAD
[1.312s] -- Performing Test CMAKE_HAVE_LIBC_PTHREAD - Success
[1.313s] -- Found Threads: TRUE  
[2.034s] -- Found xacro: 2.0.8 (/opt/ros/humble/share/xacro/cmake)
[2.037s] -- Found rviz2: 11.2.12 (/opt/ros/humble/share/rviz2/cmake)
[2.039s] -- Found ros2_control: 2.41.0 (/opt/ros/humble/share/ros2_control/cmake)
[2.041s] -- Found ros2_controllers: 2.34.0 (/opt/ros/humble/share/ros2_controllers/cmake)
[2.042s] -- Found pca9685_hardware_interface: 0.0.0 (/home/clue/pantilt_ros2/install/pca9685_hardware_interface/share/pca9685_hardware_interface/cmake)
[2.589s] -- Found ament_lint_auto: 0.12.11 (/opt/ros/humble/share/ament_lint_auto/cmake)
[2.681s] -- Added test 'copyright' to check source files copyright and LICENSE
[2.684s] -- Added test 'flake8' to check Python code syntax and style conventions
[2.685s] -- Added test 'lint_cmake' to check CMake code style
[2.686s] -- Added test 'pep257' to check Python code against some of the docstring style conventions in PEP 257
[2.687s] -- Added test 'xmllint' to check XML markup files
[2.688s] -- Configuring done
[2.695s] -- Generating done
[2.697s] -- Build files have been written to: /home/clue/pantilt_ros2/build/pantilt_bot_description
[2.709s] Invoked command in '/home/clue/pantilt_ros2/build/pantilt_bot_description' returned '0': AMENT_PREFIX_PATH=/home/clue/pantilt_ros2/install/pca9685_hardware_interface:${AMENT_PREFIX_PATH} CMAKE_PREFIX_PATH=/home/clue/pantilt_ros2/install/pca9685_hardware_interface:/opt/ros/humble LD_LIBRARY_PATH=/home/clue/pantilt_ros2/install/pca9685_hardware_interface/lib:${LD_LIBRARY_PATH} /usr/bin/cmake /home/clue/pantilt_ros2/src/pantilt_bot_description -DCMAKE_INSTALL_PREFIX=/home/clue/pantilt_ros2/install/pantilt_bot_description
[2.711s] Invoking command in '/home/clue/pantilt_ros2/build/pantilt_bot_description': AMENT_PREFIX_PATH=/home/clue/pantilt_ros2/install/pca9685_hardware_interface:${AMENT_PREFIX_PATH} CMAKE_PREFIX_PATH=/home/clue/pantilt_ros2/install/pca9685_hardware_interface:/opt/ros/humble LD_LIBRARY_PATH=/home/clue/pantilt_ros2/install/pca9685_hardware_interface/lib:${LD_LIBRARY_PATH} /usr/bin/cmake --build /home/clue/pantilt_ros2/build/pantilt_bot_description -- -j8 -l8
[2.758s] Invoked command in '/home/clue/pantilt_ros2/build/pantilt_bot_description' returned '0': AMENT_PREFIX_PATH=/home/clue/pantilt_ros2/install/pca9685_hardware_interface:${AMENT_PREFIX_PATH} CMAKE_PREFIX_PATH=/home/clue/pantilt_ros2/install/pca9685_hardware_interface:/opt/ros/humble LD_LIBRARY_PATH=/home/clue/pantilt_ros2/install/pca9685_hardware_interface/lib:${LD_LIBRARY_PATH} /usr/bin/cmake --build /home/clue/pantilt_ros2/build/pantilt_bot_description -- -j8 -l8
[2.782s] Invoking command in '/home/clue/pantilt_ros2/build/pantilt_bot_description': AMENT_PREFIX_PATH=/home/clue/pantilt_ros2/install/pca9685_hardware_interface:${AMENT_PREFIX_PATH} CMAKE_PREFIX_PATH=/home/clue/pantilt_ros2/install/pca9685_hardware_interface:/opt/ros/humble LD_LIBRARY_PATH=/home/clue/pantilt_ros2/install/pca9685_hardware_interface/lib:${LD_LIBRARY_PATH} /usr/bin/cmake --install /home/clue/pantilt_ros2/build/pantilt_bot_description
[2.791s] -- Install configuration: ""
[2.791s] -- Installing: /home/clue/pantilt_ros2/install/pantilt_bot_description/share/pantilt_bot_description/meshes
[2.791s] -- Installing: /home/clue/pantilt_ros2/install/pantilt_bot_description/share/pantilt_bot_description/meshes/joint1.stl
[2.792s] -- Installing: /home/clue/pantilt_ros2/install/pantilt_bot_description/share/pantilt_bot_description/meshes/joint2.stl
[2.792s] -- Installing: /home/clue/pantilt_ros2/install/pantilt_bot_description/share/pantilt_bot_description/meshes/joint1_horn.stl
[2.793s] -- Installing: /home/clue/pantilt_ros2/install/pantilt_bot_description/share/pantilt_bot_description/meshes/joint2_horn.stl
[2.793s] -- Installing: /home/clue/pantilt_ros2/install/pantilt_bot_description/share/pantilt_bot_description/urdf
[2.793s] -- Installing: /home/clue/pantilt_ros2/install/pantilt_bot_description/share/pantilt_bot_description/urdf/pantilt_bot.urdf.xacro
[2.793s] -- Installing: /home/clue/pantilt_ros2/install/pantilt_bot_description/share/pantilt_bot_description/urdf/pantilt_bot.ros2_control.xacro
[2.793s] -- Installing: /home/clue/pantilt_ros2/install/pantilt_bot_description/share/pantilt_bot_description/urdf/pantilt_bot.xacro
[2.794s] -- Installing: /home/clue/pantilt_ros2/install/pantilt_bot_description/share/pantilt_bot_description/urdf/pantilt_bot.material.xacro
[2.794s] -- Installing: /home/clue/pantilt_ros2/install/pantilt_bot_description/share/pantilt_bot_description/controllers
[2.794s] -- Installing: /home/clue/pantilt_ros2/install/pantilt_bot_description/share/pantilt_bot_description/controllers/controllers.yaml
[2.794s] -- Installing: /home/clue/pantilt_ros2/install/pantilt_bot_description/share/pantilt_bot_description/launch
[2.794s] -- Installing: /home/clue/pantilt_ros2/install/pantilt_bot_description/share/pantilt_bot_description/launch/pantilt_bot.rviz
[2.794s] -- Installing: /home/clue/pantilt_ros2/install/pantilt_bot_description/share/pantilt_bot_description/launch/pantilt_bot.launch.py
[2.794s] -- Installing: /home/clue/pantilt_ros2/install/pantilt_bot_description/share/pantilt_bot_description/environment/pantilt_bot_description.dsv
[2.794s] -- Installing: /home/clue/pantilt_ros2/install/pantilt_bot_description/share/ament_index/resource_index/package_run_dependencies/pantilt_bot_description
[2.795s] -- Installing: /home/clue/pantilt_ros2/install/pantilt_bot_description/share/ament_index/resource_index/parent_prefix_path/pantilt_bot_description
[2.795s] -- Installing: /home/clue/pantilt_ros2/install/pantilt_bot_description/share/pantilt_bot_description/environment/ament_prefix_path.sh
[2.795s] -- Installing: /home/clue/pantilt_ros2/install/pantilt_bot_description/share/pantilt_bot_description/environment/ament_prefix_path.dsv
[2.795s] -- Installing: /home/clue/pantilt_ros2/install/pantilt_bot_description/share/pantilt_bot_description/environment/path.sh
[2.795s] -- Installing: /home/clue/pantilt_ros2/install/pantilt_bot_description/share/pantilt_bot_description/environment/path.dsv
[2.795s] -- Installing: /home/clue/pantilt_ros2/install/pantilt_bot_description/share/pantilt_bot_description/local_setup.bash
[2.796s] -- Installing: /home/clue/pantilt_ros2/install/pantilt_bot_description/share/pantilt_bot_description/local_setup.sh
[2.796s] -- Installing: /home/clue/pantilt_ros2/install/pantilt_bot_description/share/pantilt_bot_description/local_setup.zsh
[2.796s] -- Installing: /home/clue/pantilt_ros2/install/pantilt_bot_description/share/pantilt_bot_description/local_setup.dsv
[2.796s] -- Installing: /home/clue/pantilt_ros2/install/pantilt_bot_description/share/pantilt_bot_description/package.dsv
[2.796s] -- Installing: /home/clue/pantilt_ros2/install/pantilt_bot_description/share/ament_index/resource_index/packages/pantilt_bot_description
[2.796s] -- Installing: /home/clue/pantilt_ros2/install/pantilt_bot_description/share/pantilt_bot_description/cmake/pantilt_bot_descriptionConfig.cmake
[2.796s] -- Installing: /home/clue/pantilt_ros2/install/pantilt_bot_description/share/pantilt_bot_description/cmake/pantilt_bot_descriptionConfig-version.cmake
[2.797s] -- Installing: /home/clue/pantilt_ros2/install/pantilt_bot_description/share/pantilt_bot_description/package.xml
[2.799s] Invoked command in '/home/clue/pantilt_ros2/build/pantilt_bot_description' returned '0': AMENT_PREFIX_PATH=/home/clue/pantilt_ros2/install/pca9685_hardware_interface:${AMENT_PREFIX_PATH} CMAKE_PREFIX_PATH=/home/clue/pantilt_ros2/install/pca9685_hardware_interface:/opt/ros/humble LD_LIBRARY_PATH=/home/clue/pantilt_ros2/install/pca9685_hardware_interface/lib:${LD_LIBRARY_PATH} /usr/bin/cmake --install /home/clue/pantilt_ros2/build/pantilt_bot_description
