-- The CXX compiler identification is GNU 11.4.0
-- Detecting CXX compiler ABI info
-- Detecting CXX compiler ABI info - done
-- Check for working CXX compiler: /usr/bin/c++ - skipped
-- Detecting CXX compile features
-- Detecting CXX compile features - done
-- Found ament_cmake: 1.3.9 (/opt/ros/humble/share/ament_cmake/cmake)
-- Found Python3: /usr/bin/python3 (found version "3.10.12") found components: Interpreter 
-- Found hardware_interface: 2.41.0 (/opt/ros/humble/share/hardware_interface/cmake)
-- Found rosidl_generator_c: 3.1.5 (/opt/ros/humble/share/rosidl_generator_c/cmake)
-- Found rosidl_adapter: 3.1.5 (/opt/ros/humble/share/rosidl_adapter/cmake)
-- Found rosidl_generator_cpp: 3.1.5 (/opt/ros/humble/share/rosidl_generator_cpp/cmake)
-- Using all available rosidl_typesupport_c: rosidl_typesupport_fastrtps_c;rosidl_typesupport_introspection_c
-- Using all available rosidl_typesupport_cpp: rosidl_typesupport_fastrtps_cpp;rosidl_typesupport_introspection_cpp
-- Found rmw_implementation_cmake: 6.1.2 (/opt/ros/humble/share/rmw_implementation_cmake/cmake)
-- Found rmw_fastrtps_cpp: 6.2.6 (/opt/ros/humble/share/rmw_fastrtps_cpp/cmake)
-- Found TinyXML2 via Config file: TinyXML2_DIR-NOTFOUND
-- Found OpenSSL: /usr/lib/x86_64-linux-gnu/libcrypto.so (found version "3.0.2")  
-- Found TinyXML2 via Config file: TinyXML2_DIR-NOTFOUND
-- Found FastRTPS: /opt/ros/humble/include  
-- Found TinyXML2 via Config file: TinyXML2_DIR-NOTFOUND
-- Found TinyXML2 via Config file: TinyXML2_DIR-NOTFOUND
-- Using RMW implementation 'rmw_fastrtps_cpp' as default
-- Looking for C++ include pthread.h
-- Looking for C++ include pthread.h - found
-- Performing Test CMAKE_HAVE_LIBC_PTHREAD
-- Performing Test CMAKE_HAVE_LIBC_PTHREAD - Success
-- Found Threads: TRUE  
-- Configuring done
-- Generating done
-- Build files have been written to: /home/clue/pantilt_ros2/build/pca9685_hardware_interface
[ 75%] [32mBuilding CXX object CMakeFiles/pca9685_hardware_interface.dir/src/I2CPeripheral.cpp.o[0m
[ 75%] [32mBuilding CXX object CMakeFiles/pca9685_hardware_interface.dir/src/pca9685_comm.cpp.o[0m
[ 75%] [32mBuilding CXX object CMakeFiles/pca9685_hardware_interface.dir/src/pca9685_system.cpp.o[0m
[100%] [32m[1mLinking CXX shared library libpca9685_hardware_interface.so[0m
[100%] Built target pca9685_hardware_interface
-- Install configuration: ""
-- Installing: /home/clue/pantilt_ros2/install/pca9685_hardware_interface/share/pca9685_hardware_interface/pca9685_hardware_interface.xml
-- Installing: /home/clue/pantilt_ros2/install/pca9685_hardware_interface/include/pca9685_hardware_interface
-- Installing: /home/clue/pantilt_ros2/install/pca9685_hardware_interface/include/pca9685_hardware_interface/pca9685_hardware_interface
-- Installing: /home/clue/pantilt_ros2/install/pca9685_hardware_interface/include/pca9685_hardware_interface/pca9685_hardware_interface/pca9685_system.hpp
-- Installing: /home/clue/pantilt_ros2/install/pca9685_hardware_interface/include/pca9685_hardware_interface/pca9685_hardware_interface/I2CPeripheral.h
-- Installing: /home/clue/pantilt_ros2/install/pca9685_hardware_interface/include/pca9685_hardware_interface/pca9685_hardware_interface/Constants.h
-- Installing: /home/clue/pantilt_ros2/install/pca9685_hardware_interface/include/pca9685_hardware_interface/pca9685_hardware_interface/visibility_control.h
-- Installing: /home/clue/pantilt_ros2/install/pca9685_hardware_interface/include/pca9685_hardware_interface/pca9685_hardware_interface/pca9685_comm.h
-- Installing: /home/clue/pantilt_ros2/install/pca9685_hardware_interface/lib/libpca9685_hardware_interface.so
-- Set runtime path of "/home/clue/pantilt_ros2/install/pca9685_hardware_interface/lib/libpca9685_hardware_interface.so" to ""
-- Installing: /home/clue/pantilt_ros2/install/pca9685_hardware_interface/share/pca9685_hardware_interface/environment/library_path.sh
-- Installing: /home/clue/pantilt_ros2/install/pca9685_hardware_interface/share/pca9685_hardware_interface/environment/library_path.dsv
-- Installing: /home/clue/pantilt_ros2/install/pca9685_hardware_interface/share/ament_index/resource_index/package_run_dependencies/pca9685_hardware_interface
-- Installing: /home/clue/pantilt_ros2/install/pca9685_hardware_interface/share/ament_index/resource_index/parent_prefix_path/pca9685_hardware_interface
-- Installing: /home/clue/pantilt_ros2/install/pca9685_hardware_interface/share/pca9685_hardware_interface/environment/ament_prefix_path.sh
-- Installing: /home/clue/pantilt_ros2/install/pca9685_hardware_interface/share/pca9685_hardware_interface/environment/ament_prefix_path.dsv
-- Installing: /home/clue/pantilt_ros2/install/pca9685_hardware_interface/share/pca9685_hardware_interface/environment/path.sh
-- Installing: /home/clue/pantilt_ros2/install/pca9685_hardware_interface/share/pca9685_hardware_interface/environment/path.dsv
-- Installing: /home/clue/pantilt_ros2/install/pca9685_hardware_interface/share/pca9685_hardware_interface/local_setup.bash
-- Installing: /home/clue/pantilt_ros2/install/pca9685_hardware_interface/share/pca9685_hardware_interface/local_setup.sh
-- Installing: /home/clue/pantilt_ros2/install/pca9685_hardware_interface/share/pca9685_hardware_interface/local_setup.zsh
-- Installing: /home/clue/pantilt_ros2/install/pca9685_hardware_interface/share/pca9685_hardware_interface/local_setup.dsv
-- Installing: /home/clue/pantilt_ros2/install/pca9685_hardware_interface/share/pca9685_hardware_interface/package.dsv
-- Installing: /home/clue/pantilt_ros2/install/pca9685_hardware_interface/share/ament_index/resource_index/packages/pca9685_hardware_interface
-- Installing: /home/clue/pantilt_ros2/install/pca9685_hardware_interface/share/ament_index/resource_index/hardware_interface__pluginlib__plugin/pca9685_hardware_interface
-- Installing: /home/clue/pantilt_ros2/install/pca9685_hardware_interface/share/pca9685_hardware_interface/cmake/export_pca9685_hardware_interfaceExport.cmake
-- Installing: /home/clue/pantilt_ros2/install/pca9685_hardware_interface/share/pca9685_hardware_interface/cmake/export_pca9685_hardware_interfaceExport-noconfig.cmake
-- Installing: /home/clue/pantilt_ros2/install/pca9685_hardware_interface/share/pca9685_hardware_interface/cmake/ament_cmake_export_targets-extras.cmake
-- Installing: /home/clue/pantilt_ros2/install/pca9685_hardware_interface/share/pca9685_hardware_interface/cmake/ament_cmake_export_dependencies-extras.cmake
-- Installing: /home/clue/pantilt_ros2/install/pca9685_hardware_interface/share/pca9685_hardware_interface/cmake/pca9685_hardware_interfaceConfig.cmake
-- Installing: /home/clue/pantilt_ros2/install/pca9685_hardware_interface/share/pca9685_hardware_interface/cmake/pca9685_hardware_interfaceConfig-version.cmake
-- Installing: /home/clue/pantilt_ros2/install/pca9685_hardware_interface/share/pca9685_hardware_interface/package.xml
