[0.330s] DEBUG:colcon:Command line arguments: ['/home/clue/.local/bin/colcon', 'list', '-p', '--base-paths', '/home/clue/pantilt_ros2']
[0.330s] DEBUG:colcon:Parsed command line arguments: Namespace(log_base=None, log_level=None, verb_name='list', build_base='build', ignore_user_meta=False, metas=['./colcon.meta'], base_paths=['/home/clue/pantilt_ros2'], packages_ignore=None, packages_ignore_regex=None, paths=None, packages_up_to=None, packages_up_to_regex=None, packages_above=None, packages_above_and_dependencies=None, packages_above_depth=None, packages_select_by_dep=None, packages_skip_by_dep=None, packages_skip_up_to=None, packages_select_build_failed=False, packages_skip_build_finished=False, packages_select_test_failures=False, packages_skip_test_passed=False, packages_select=None, packages_skip=None, packages_select_regex=None, packages_skip_regex=None, packages_start=None, packages_end=None, allow_overriding=[], topological_order=False, names_only=False, paths_only=True, topological_graph=False, topological_graph_dot=False, topological_graph_density=False, topological_graph_legend=False, topological_graph_dot_cluster=False, topological_graph_dot_include_skipped=False, mixin_files=None, mixin=None, verb_parser=<colcon_mixin.mixin.mixin_argument.MixinArgumentDecorator object at 0x71120e0298d0>, verb_extension=<colcon_package_information.verb.list.ListVerb object at 0x71120e028520>, main=<bound method ListVerb.main of <colcon_package_information.verb.list.ListVerb object at 0x71120e028520>>, mixin_verb=('list',))
[0.848s] Level 1:colcon.colcon_core.package_discovery:discover_packages(colcon_meta) check parameters
[0.849s] Level 1:colcon.colcon_core.package_discovery:discover_packages(recursive) check parameters
[0.849s] Level 1:colcon.colcon_core.package_discovery:discover_packages(ignore) check parameters
[0.849s] Level 1:colcon.colcon_core.package_discovery:discover_packages(path) check parameters
[0.849s] Level 1:colcon.colcon_core.package_discovery:discover_packages(recursive) discover
[0.849s] INFO:colcon.colcon_core.package_discovery:Crawling recursively for packages in '/home/clue/pantilt_ros2'
[0.849s] Level 1:colcon.colcon_core.package_identification:_identify(/home/clue/pantilt_ros2) by extensions ['ignore', 'ignore_ament_install']
[0.849s] Level 1:colcon.colcon_core.package_identification:_identify(/home/clue/pantilt_ros2) by extension 'ignore'
[0.850s] Level 1:colcon.colcon_core.package_identification:_identify(/home/clue/pantilt_ros2) by extension 'ignore_ament_install'
[0.850s] Level 1:colcon.colcon_core.package_identification:_identify(/home/clue/pantilt_ros2) by extensions ['colcon_pkg']
[0.850s] Level 1:colcon.colcon_core.package_identification:_identify(/home/clue/pantilt_ros2) by extension 'colcon_pkg'
[0.850s] Level 1:colcon.colcon_core.package_identification:_identify(/home/clue/pantilt_ros2) by extensions ['colcon_meta']
[0.850s] Level 1:colcon.colcon_core.package_identification:_identify(/home/clue/pantilt_ros2) by extension 'colcon_meta'
[0.850s] Level 1:colcon.colcon_core.package_identification:_identify(/home/clue/pantilt_ros2) by extensions ['ros']
[0.850s] Level 1:colcon.colcon_core.package_identification:_identify(/home/clue/pantilt_ros2) by extension 'ros'
[0.876s] Level 1:colcon.colcon_core.package_identification:_identify(/home/clue/pantilt_ros2) by extensions ['cmake', 'python']
[0.876s] Level 1:colcon.colcon_core.package_identification:_identify(/home/clue/pantilt_ros2) by extension 'cmake'
[0.876s] Level 1:colcon.colcon_core.package_identification:_identify(/home/clue/pantilt_ros2) by extension 'python'
[0.876s] Level 1:colcon.colcon_core.package_identification:_identify(/home/clue/pantilt_ros2) by extensions ['python_setup_py']
[0.876s] Level 1:colcon.colcon_core.package_identification:_identify(/home/clue/pantilt_ros2) by extension 'python_setup_py'
[0.876s] Level 1:colcon.colcon_core.package_identification:_identify(/home/clue/pantilt_ros2/log) by extensions ['ignore', 'ignore_ament_install']
[0.877s] Level 1:colcon.colcon_core.package_identification:_identify(/home/clue/pantilt_ros2/log) by extension 'ignore'
[0.877s] Level 1:colcon.colcon_core.package_identification:_identify(/home/clue/pantilt_ros2/log) ignored
[0.877s] Level 1:colcon.colcon_core.package_identification:_identify(/home/clue/pantilt_ros2/src) by extensions ['ignore', 'ignore_ament_install']
[0.877s] Level 1:colcon.colcon_core.package_identification:_identify(/home/clue/pantilt_ros2/src) by extension 'ignore'
[0.877s] Level 1:colcon.colcon_core.package_identification:_identify(/home/clue/pantilt_ros2/src) by extension 'ignore_ament_install'
[0.878s] Level 1:colcon.colcon_core.package_identification:_identify(/home/clue/pantilt_ros2/src) by extensions ['colcon_pkg']
[0.878s] Level 1:colcon.colcon_core.package_identification:_identify(/home/clue/pantilt_ros2/src) by extension 'colcon_pkg'
[0.878s] Level 1:colcon.colcon_core.package_identification:_identify(/home/clue/pantilt_ros2/src) by extensions ['colcon_meta']
[0.878s] Level 1:colcon.colcon_core.package_identification:_identify(/home/clue/pantilt_ros2/src) by extension 'colcon_meta'
[0.878s] Level 1:colcon.colcon_core.package_identification:_identify(/home/clue/pantilt_ros2/src) by extensions ['ros']
[0.878s] Level 1:colcon.colcon_core.package_identification:_identify(/home/clue/pantilt_ros2/src) by extension 'ros'
[0.878s] Level 1:colcon.colcon_core.package_identification:_identify(/home/clue/pantilt_ros2/src) by extensions ['cmake', 'python']
[0.878s] Level 1:colcon.colcon_core.package_identification:_identify(/home/clue/pantilt_ros2/src) by extension 'cmake'
[0.878s] Level 1:colcon.colcon_core.package_identification:_identify(/home/clue/pantilt_ros2/src) by extension 'python'
[0.879s] Level 1:colcon.colcon_core.package_identification:_identify(/home/clue/pantilt_ros2/src) by extensions ['python_setup_py']
[0.879s] Level 1:colcon.colcon_core.package_identification:_identify(/home/clue/pantilt_ros2/src) by extension 'python_setup_py'
[0.879s] Level 1:colcon.colcon_core.package_identification:_identify(/home/clue/pantilt_ros2/src/pantilt_bot_description) by extensions ['ignore', 'ignore_ament_install']
[0.879s] Level 1:colcon.colcon_core.package_identification:_identify(/home/clue/pantilt_ros2/src/pantilt_bot_description) by extension 'ignore'
[0.879s] Level 1:colcon.colcon_core.package_identification:_identify(/home/clue/pantilt_ros2/src/pantilt_bot_description) by extension 'ignore_ament_install'
[0.879s] Level 1:colcon.colcon_core.package_identification:_identify(/home/clue/pantilt_ros2/src/pantilt_bot_description) by extensions ['colcon_pkg']
[0.879s] Level 1:colcon.colcon_core.package_identification:_identify(/home/clue/pantilt_ros2/src/pantilt_bot_description) by extension 'colcon_pkg'
[0.880s] Level 1:colcon.colcon_core.package_identification:_identify(/home/clue/pantilt_ros2/src/pantilt_bot_description) by extensions ['colcon_meta']
[0.880s] Level 1:colcon.colcon_core.package_identification:_identify(/home/clue/pantilt_ros2/src/pantilt_bot_description) by extension 'colcon_meta'
[0.880s] Level 1:colcon.colcon_core.package_identification:_identify(/home/clue/pantilt_ros2/src/pantilt_bot_description) by extensions ['ros']
[0.880s] Level 1:colcon.colcon_core.package_identification:_identify(/home/clue/pantilt_ros2/src/pantilt_bot_description) by extension 'ros'
[0.887s] DEBUG:colcon.colcon_core.package_identification:Package '/home/clue/pantilt_ros2/src/pantilt_bot_description' with type 'ros.ament_cmake' and name 'pantilt_bot_description'
[0.888s] Level 1:colcon.colcon_core.package_identification:_identify(/home/clue/pantilt_ros2/src/pca9685_hardware_interface) by extensions ['ignore', 'ignore_ament_install']
[0.888s] Level 1:colcon.colcon_core.package_identification:_identify(/home/clue/pantilt_ros2/src/pca9685_hardware_interface) by extension 'ignore'
[0.888s] Level 1:colcon.colcon_core.package_identification:_identify(/home/clue/pantilt_ros2/src/pca9685_hardware_interface) by extension 'ignore_ament_install'
[0.888s] Level 1:colcon.colcon_core.package_identification:_identify(/home/clue/pantilt_ros2/src/pca9685_hardware_interface) by extensions ['colcon_pkg']
[0.888s] Level 1:colcon.colcon_core.package_identification:_identify(/home/clue/pantilt_ros2/src/pca9685_hardware_interface) by extension 'colcon_pkg'
[0.889s] Level 1:colcon.colcon_core.package_identification:_identify(/home/clue/pantilt_ros2/src/pca9685_hardware_interface) by extensions ['colcon_meta']
[0.889s] Level 1:colcon.colcon_core.package_identification:_identify(/home/clue/pantilt_ros2/src/pca9685_hardware_interface) by extension 'colcon_meta'
[0.889s] Level 1:colcon.colcon_core.package_identification:_identify(/home/clue/pantilt_ros2/src/pca9685_hardware_interface) by extensions ['ros']
[0.889s] Level 1:colcon.colcon_core.package_identification:_identify(/home/clue/pantilt_ros2/src/pca9685_hardware_interface) by extension 'ros'
[0.891s] DEBUG:colcon.colcon_core.package_identification:Package '/home/clue/pantilt_ros2/src/pca9685_hardware_interface' with type 'ros.ament_cmake' and name 'pca9685_hardware_interface'
[0.891s] Level 1:colcon.colcon_core.package_discovery:discover_packages(recursive) using defaults
