[0.170s] DEBUG:colcon:Command line arguments: ['/home/clue/.local/bin/colcon', 'build']
[0.170s] DEBUG:colcon:Parsed command line arguments: Namespace(log_base=None, log_level=None, verb_name='build', build_base='build', install_base='install', merge_install=False, symlink_install=False, test_result_base=None, continue_on_error=False, executor='parallel', parallel_workers=8, event_handlers=None, ignore_user_meta=False, metas=['./colcon.meta'], base_paths=['.'], packages_ignore=None, packages_ignore_regex=None, paths=None, packages_up_to=None, packages_up_to_regex=None, packages_above=None, packages_above_and_dependencies=None, packages_above_depth=None, packages_select_by_dep=None, packages_skip_by_dep=None, packages_skip_up_to=None, packages_select_build_failed=False, packages_skip_build_finished=False, packages_select_test_failures=False, packages_skip_test_passed=False, packages_select=None, packages_skip=None, packages_select_regex=None, packages_skip_regex=None, packages_start=None, packages_end=None, allow_overriding=[], cmake_args=None, cmake_target=None, cmake_target_skip_unavailable=False, cmake_clean_cache=False, cmake_clean_first=False, cmake_force_configure=False, ament_cmake_args=None, catkin_cmake_args=None, catkin_skip_building_tests=False, mixin_files=None, mixin=None, verb_parser=<colcon_mixin.mixin.mixin_argument.MixinArgumentDecorator object at 0x7a9e52c20e80>, verb_extension=<colcon_core.verb.build.BuildVerb object at 0x7a9e52d2d510>, main=<bound method BuildVerb.main of <colcon_core.verb.build.BuildVerb object at 0x7a9e52d2d510>>, mixin_verb=('build',))
[0.387s] Level 1:colcon.colcon_core.package_discovery:discover_packages(colcon_meta) check parameters
[0.387s] Level 1:colcon.colcon_core.package_discovery:discover_packages(recursive) check parameters
[0.387s] Level 1:colcon.colcon_core.package_discovery:discover_packages(ignore) check parameters
[0.387s] Level 1:colcon.colcon_core.package_discovery:discover_packages(path) check parameters
[0.387s] Level 1:colcon.colcon_core.package_discovery:discover_packages(colcon_meta) discover
[0.387s] Level 1:colcon.colcon_core.package_discovery:discover_packages(recursive) discover
[0.388s] INFO:colcon.colcon_core.package_discovery:Crawling recursively for packages in '/home/clue/pantilt_ros2'
[0.388s] Level 1:colcon.colcon_core.package_identification:_identify(.) by extensions ['ignore', 'ignore_ament_install']
[0.388s] Level 1:colcon.colcon_core.package_identification:_identify(.) by extension 'ignore'
[0.388s] Level 1:colcon.colcon_core.package_identification:_identify(.) by extension 'ignore_ament_install'
[0.388s] Level 1:colcon.colcon_core.package_identification:_identify(.) by extensions ['colcon_pkg']
[0.388s] Level 1:colcon.colcon_core.package_identification:_identify(.) by extension 'colcon_pkg'
[0.388s] Level 1:colcon.colcon_core.package_identification:_identify(.) by extensions ['colcon_meta']
[0.388s] Level 1:colcon.colcon_core.package_identification:_identify(.) by extension 'colcon_meta'
[0.388s] Level 1:colcon.colcon_core.package_identification:_identify(.) by extensions ['ros']
[0.388s] Level 1:colcon.colcon_core.package_identification:_identify(.) by extension 'ros'
[0.399s] Level 1:colcon.colcon_core.package_identification:_identify(.) by extensions ['cmake', 'python']
[0.399s] Level 1:colcon.colcon_core.package_identification:_identify(.) by extension 'cmake'
[0.399s] Level 1:colcon.colcon_core.package_identification:_identify(.) by extension 'python'
[0.399s] Level 1:colcon.colcon_core.package_identification:_identify(.) by extensions ['python_setup_py']
[0.399s] Level 1:colcon.colcon_core.package_identification:_identify(.) by extension 'python_setup_py'
[0.400s] Level 1:colcon.colcon_core.package_identification:_identify(build) by extensions ['ignore', 'ignore_ament_install']
[0.400s] Level 1:colcon.colcon_core.package_identification:_identify(build) by extension 'ignore'
[0.400s] Level 1:colcon.colcon_core.package_identification:_identify(build) ignored
[0.400s] Level 1:colcon.colcon_core.package_identification:_identify(install) by extensions ['ignore', 'ignore_ament_install']
[0.400s] Level 1:colcon.colcon_core.package_identification:_identify(install) by extension 'ignore'
[0.400s] Level 1:colcon.colcon_core.package_identification:_identify(install) ignored
[0.400s] Level 1:colcon.colcon_core.package_identification:_identify(log) by extensions ['ignore', 'ignore_ament_install']
[0.400s] Level 1:colcon.colcon_core.package_identification:_identify(log) by extension 'ignore'
[0.400s] Level 1:colcon.colcon_core.package_identification:_identify(log) ignored
[0.400s] Level 1:colcon.colcon_core.package_identification:_identify(src) by extensions ['ignore', 'ignore_ament_install']
[0.400s] Level 1:colcon.colcon_core.package_identification:_identify(src) by extension 'ignore'
[0.401s] Level 1:colcon.colcon_core.package_identification:_identify(src) by extension 'ignore_ament_install'
[0.401s] Level 1:colcon.colcon_core.package_identification:_identify(src) by extensions ['colcon_pkg']
[0.401s] Level 1:colcon.colcon_core.package_identification:_identify(src) by extension 'colcon_pkg'
[0.401s] Level 1:colcon.colcon_core.package_identification:_identify(src) by extensions ['colcon_meta']
[0.401s] Level 1:colcon.colcon_core.package_identification:_identify(src) by extension 'colcon_meta'
[0.401s] Level 1:colcon.colcon_core.package_identification:_identify(src) by extensions ['ros']
[0.401s] Level 1:colcon.colcon_core.package_identification:_identify(src) by extension 'ros'
[0.401s] Level 1:colcon.colcon_core.package_identification:_identify(src) by extensions ['cmake', 'python']
[0.401s] Level 1:colcon.colcon_core.package_identification:_identify(src) by extension 'cmake'
[0.401s] Level 1:colcon.colcon_core.package_identification:_identify(src) by extension 'python'
[0.401s] Level 1:colcon.colcon_core.package_identification:_identify(src) by extensions ['python_setup_py']
[0.401s] Level 1:colcon.colcon_core.package_identification:_identify(src) by extension 'python_setup_py'
[0.401s] Level 1:colcon.colcon_core.package_identification:_identify(src/pantilt_bot_description) by extensions ['ignore', 'ignore_ament_install']
[0.401s] Level 1:colcon.colcon_core.package_identification:_identify(src/pantilt_bot_description) by extension 'ignore'
[0.401s] Level 1:colcon.colcon_core.package_identification:_identify(src/pantilt_bot_description) by extension 'ignore_ament_install'
[0.401s] Level 1:colcon.colcon_core.package_identification:_identify(src/pantilt_bot_description) by extensions ['colcon_pkg']
[0.401s] Level 1:colcon.colcon_core.package_identification:_identify(src/pantilt_bot_description) by extension 'colcon_pkg'
[0.401s] Level 1:colcon.colcon_core.package_identification:_identify(src/pantilt_bot_description) by extensions ['colcon_meta']
[0.401s] Level 1:colcon.colcon_core.package_identification:_identify(src/pantilt_bot_description) by extension 'colcon_meta'
[0.402s] Level 1:colcon.colcon_core.package_identification:_identify(src/pantilt_bot_description) by extensions ['ros']
[0.402s] Level 1:colcon.colcon_core.package_identification:_identify(src/pantilt_bot_description) by extension 'ros'
[0.405s] DEBUG:colcon.colcon_core.package_identification:Package 'src/pantilt_bot_description' with type 'ros.ament_cmake' and name 'pantilt_bot_description'
[0.405s] Level 1:colcon.colcon_core.package_identification:_identify(src/pca9685_hardware_interface) by extensions ['ignore', 'ignore_ament_install']
[0.405s] Level 1:colcon.colcon_core.package_identification:_identify(src/pca9685_hardware_interface) by extension 'ignore'
[0.405s] Level 1:colcon.colcon_core.package_identification:_identify(src/pca9685_hardware_interface) by extension 'ignore_ament_install'
[0.405s] Level 1:colcon.colcon_core.package_identification:_identify(src/pca9685_hardware_interface) by extensions ['colcon_pkg']
[0.405s] Level 1:colcon.colcon_core.package_identification:_identify(src/pca9685_hardware_interface) by extension 'colcon_pkg'
[0.405s] Level 1:colcon.colcon_core.package_identification:_identify(src/pca9685_hardware_interface) by extensions ['colcon_meta']
[0.405s] Level 1:colcon.colcon_core.package_identification:_identify(src/pca9685_hardware_interface) by extension 'colcon_meta'
[0.405s] Level 1:colcon.colcon_core.package_identification:_identify(src/pca9685_hardware_interface) by extensions ['ros']
[0.405s] Level 1:colcon.colcon_core.package_identification:_identify(src/pca9685_hardware_interface) by extension 'ros'
[0.406s] DEBUG:colcon.colcon_core.package_identification:Package 'src/pca9685_hardware_interface' with type 'ros.ament_cmake' and name 'pca9685_hardware_interface'
[0.406s] Level 1:colcon.colcon_core.package_discovery:discover_packages(recursive) using defaults
[0.406s] Level 1:colcon.colcon_core.package_discovery:discover_packages(ignore) discover
[0.406s] Level 1:colcon.colcon_core.package_discovery:discover_packages(ignore) using defaults
[0.406s] Level 1:colcon.colcon_core.package_discovery:discover_packages(path) discover
[0.406s] Level 1:colcon.colcon_core.package_discovery:discover_packages(path) using defaults
[0.437s] Level 1:colcon.colcon_core.package_discovery:discover_packages(prefix_path) check parameters
[0.437s] Level 1:colcon.colcon_core.package_discovery:discover_packages(prefix_path) discover
[0.440s] DEBUG:colcon.colcon_installed_package_information.package_discovery:Found 392 installed packages in /opt/ros/humble
[0.442s] Level 1:colcon.colcon_core.package_discovery:discover_packages(prefix_path) using defaults
[0.496s] Level 5:colcon.colcon_core.verb:set package 'pca9685_hardware_interface' build argument 'cmake_args' from command line to 'None'
[0.496s] Level 5:colcon.colcon_core.verb:set package 'pca9685_hardware_interface' build argument 'cmake_target' from command line to 'None'
[0.496s] Level 5:colcon.colcon_core.verb:set package 'pca9685_hardware_interface' build argument 'cmake_target_skip_unavailable' from command line to 'False'
[0.496s] Level 5:colcon.colcon_core.verb:set package 'pca9685_hardware_interface' build argument 'cmake_clean_cache' from command line to 'False'
[0.496s] Level 5:colcon.colcon_core.verb:set package 'pca9685_hardware_interface' build argument 'cmake_clean_first' from command line to 'False'
[0.496s] Level 5:colcon.colcon_core.verb:set package 'pca9685_hardware_interface' build argument 'cmake_force_configure' from command line to 'False'
[0.496s] Level 5:colcon.colcon_core.verb:set package 'pca9685_hardware_interface' build argument 'ament_cmake_args' from command line to 'None'
[0.496s] Level 5:colcon.colcon_core.verb:set package 'pca9685_hardware_interface' build argument 'catkin_cmake_args' from command line to 'None'
[0.496s] Level 5:colcon.colcon_core.verb:set package 'pca9685_hardware_interface' build argument 'catkin_skip_building_tests' from command line to 'False'
[0.496s] DEBUG:colcon.colcon_core.verb:Building package 'pca9685_hardware_interface' with the following arguments: {'ament_cmake_args': None, 'build_base': '/home/clue/pantilt_ros2/build/pca9685_hardware_interface', 'catkin_cmake_args': None, 'catkin_skip_building_tests': False, 'cmake_args': None, 'cmake_clean_cache': False, 'cmake_clean_first': False, 'cmake_force_configure': False, 'cmake_target': None, 'cmake_target_skip_unavailable': False, 'install_base': '/home/clue/pantilt_ros2/install/pca9685_hardware_interface', 'merge_install': False, 'path': '/home/clue/pantilt_ros2/src/pca9685_hardware_interface', 'symlink_install': False, 'test_result_base': None}
[0.497s] Level 5:colcon.colcon_core.verb:set package 'pantilt_bot_description' build argument 'cmake_args' from command line to 'None'
[0.497s] Level 5:colcon.colcon_core.verb:set package 'pantilt_bot_description' build argument 'cmake_target' from command line to 'None'
[0.497s] Level 5:colcon.colcon_core.verb:set package 'pantilt_bot_description' build argument 'cmake_target_skip_unavailable' from command line to 'False'
[0.497s] Level 5:colcon.colcon_core.verb:set package 'pantilt_bot_description' build argument 'cmake_clean_cache' from command line to 'False'
[0.497s] Level 5:colcon.colcon_core.verb:set package 'pantilt_bot_description' build argument 'cmake_clean_first' from command line to 'False'
[0.497s] Level 5:colcon.colcon_core.verb:set package 'pantilt_bot_description' build argument 'cmake_force_configure' from command line to 'False'
[0.497s] Level 5:colcon.colcon_core.verb:set package 'pantilt_bot_description' build argument 'ament_cmake_args' from command line to 'None'
[0.497s] Level 5:colcon.colcon_core.verb:set package 'pantilt_bot_description' build argument 'catkin_cmake_args' from command line to 'None'
[0.497s] Level 5:colcon.colcon_core.verb:set package 'pantilt_bot_description' build argument 'catkin_skip_building_tests' from command line to 'False'
[0.497s] DEBUG:colcon.colcon_core.verb:Building package 'pantilt_bot_description' with the following arguments: {'ament_cmake_args': None, 'build_base': '/home/clue/pantilt_ros2/build/pantilt_bot_description', 'catkin_cmake_args': None, 'catkin_skip_building_tests': False, 'cmake_args': None, 'cmake_clean_cache': False, 'cmake_clean_first': False, 'cmake_force_configure': False, 'cmake_target': None, 'cmake_target_skip_unavailable': False, 'install_base': '/home/clue/pantilt_ros2/install/pantilt_bot_description', 'merge_install': False, 'path': '/home/clue/pantilt_ros2/src/pantilt_bot_description', 'symlink_install': False, 'test_result_base': None}
[0.497s] INFO:colcon.colcon_core.executor:Executing jobs using 'parallel' executor
[0.498s] DEBUG:colcon.colcon_parallel_executor.executor.parallel:run_until_complete
[0.498s] INFO:colcon.colcon_ros.task.ament_cmake.build:Building ROS package in '/home/clue/pantilt_ros2/src/pca9685_hardware_interface' with build type 'ament_cmake'
[0.498s] INFO:colcon.colcon_cmake.task.cmake.build:Building CMake package in '/home/clue/pantilt_ros2/src/pca9685_hardware_interface'
[0.501s] INFO:colcon.colcon_core.plugin_system:Skipping extension 'colcon_core.shell.bat': Not used on non-Windows systems
[0.502s] INFO:colcon.colcon_core.shell:Skip shell extension 'powershell' for command environment: Not usable outside of PowerShell
[0.502s] DEBUG:colcon.colcon_core.shell:Skip shell extension 'dsv' for command environment
[0.512s] DEBUG:colcon.colcon_core.event_handler.log_command:Invoking command in '/home/clue/pantilt_ros2/build/pca9685_hardware_interface': CMAKE_PREFIX_PATH=/opt/ros/humble /usr/bin/cmake /home/clue/pantilt_ros2/src/pca9685_hardware_interface -DCMAKE_INSTALL_PREFIX=/home/clue/pantilt_ros2/install/pca9685_hardware_interface
[2.650s] DEBUG:colcon.colcon_core.event_handler.log_command:Invoked command in '/home/clue/pantilt_ros2/build/pca9685_hardware_interface' returned '0': CMAKE_PREFIX_PATH=/opt/ros/humble /usr/bin/cmake /home/clue/pantilt_ros2/src/pca9685_hardware_interface -DCMAKE_INSTALL_PREFIX=/home/clue/pantilt_ros2/install/pca9685_hardware_interface
[2.651s] DEBUG:colcon.colcon_core.event_handler.log_command:Invoking command in '/home/clue/pantilt_ros2/build/pca9685_hardware_interface': CMAKE_PREFIX_PATH=/opt/ros/humble /usr/bin/cmake --build /home/clue/pantilt_ros2/build/pca9685_hardware_interface -- -j8 -l8
[6.687s] DEBUG:colcon.colcon_core.event_handler.log_command:Invoked command in '/home/clue/pantilt_ros2/build/pca9685_hardware_interface' returned '0': CMAKE_PREFIX_PATH=/opt/ros/humble /usr/bin/cmake --build /home/clue/pantilt_ros2/build/pca9685_hardware_interface -- -j8 -l8
[6.730s] DEBUG:colcon.colcon_core.event_handler.log_command:Invoking command in '/home/clue/pantilt_ros2/build/pca9685_hardware_interface': CMAKE_PREFIX_PATH=/opt/ros/humble /usr/bin/cmake --install /home/clue/pantilt_ros2/build/pca9685_hardware_interface
[6.747s] Level 1:colcon.colcon_core.environment:create_environment_scripts_only(pca9685_hardware_interface)
[6.748s] DEBUG:colcon.colcon_core.event_handler.log_command:Invoked command in '/home/clue/pantilt_ros2/build/pca9685_hardware_interface' returned '0': CMAKE_PREFIX_PATH=/opt/ros/humble /usr/bin/cmake --install /home/clue/pantilt_ros2/build/pca9685_hardware_interface
[6.750s] Level 1:colcon.colcon_core.environment:checking '/home/clue/pantilt_ros2/install/pca9685_hardware_interface' for CMake module files
[6.751s] Level 1:colcon.colcon_core.environment:checking '/home/clue/pantilt_ros2/install/pca9685_hardware_interface' for CMake config files
[6.751s] Level 1:colcon.colcon_core.shell:create_environment_hook('pca9685_hardware_interface', 'cmake_prefix_path')
[6.751s] INFO:colcon.colcon_core.shell:Creating environment hook '/home/clue/pantilt_ros2/install/pca9685_hardware_interface/share/pca9685_hardware_interface/hook/cmake_prefix_path.ps1'
[6.752s] INFO:colcon.colcon_core.shell:Creating environment descriptor '/home/clue/pantilt_ros2/install/pca9685_hardware_interface/share/pca9685_hardware_interface/hook/cmake_prefix_path.dsv'
[6.752s] INFO:colcon.colcon_core.shell:Creating environment hook '/home/clue/pantilt_ros2/install/pca9685_hardware_interface/share/pca9685_hardware_interface/hook/cmake_prefix_path.sh'
[6.753s] Level 1:colcon.colcon_core.environment:checking '/home/clue/pantilt_ros2/install/pca9685_hardware_interface/lib'
[6.753s] Level 1:colcon.colcon_core.shell:create_environment_hook('pca9685_hardware_interface', 'ld_library_path_lib')
[6.754s] INFO:colcon.colcon_core.shell:Creating environment hook '/home/clue/pantilt_ros2/install/pca9685_hardware_interface/share/pca9685_hardware_interface/hook/ld_library_path_lib.ps1'
[6.754s] INFO:colcon.colcon_core.shell:Creating environment descriptor '/home/clue/pantilt_ros2/install/pca9685_hardware_interface/share/pca9685_hardware_interface/hook/ld_library_path_lib.dsv'
[6.754s] INFO:colcon.colcon_core.shell:Creating environment hook '/home/clue/pantilt_ros2/install/pca9685_hardware_interface/share/pca9685_hardware_interface/hook/ld_library_path_lib.sh'
[6.755s] Level 1:colcon.colcon_core.environment:checking '/home/clue/pantilt_ros2/install/pca9685_hardware_interface/bin'
[6.755s] Level 1:colcon.colcon_core.environment:checking '/home/clue/pantilt_ros2/install/pca9685_hardware_interface/lib/pkgconfig/pca9685_hardware_interface.pc'
[6.755s] Level 1:colcon.colcon_core.environment:checking '/home/clue/pantilt_ros2/install/pca9685_hardware_interface/lib/python3.10/site-packages'
[6.755s] Level 1:colcon.colcon_core.environment:checking '/home/clue/pantilt_ros2/install/pca9685_hardware_interface/bin'
[6.755s] INFO:colcon.colcon_core.shell:Creating package script '/home/clue/pantilt_ros2/install/pca9685_hardware_interface/share/pca9685_hardware_interface/package.ps1'
[6.756s] INFO:colcon.colcon_core.shell:Creating package descriptor '/home/clue/pantilt_ros2/install/pca9685_hardware_interface/share/pca9685_hardware_interface/package.dsv'
[6.757s] INFO:colcon.colcon_core.shell:Creating package script '/home/clue/pantilt_ros2/install/pca9685_hardware_interface/share/pca9685_hardware_interface/package.sh'
[6.757s] INFO:colcon.colcon_core.shell:Creating package script '/home/clue/pantilt_ros2/install/pca9685_hardware_interface/share/pca9685_hardware_interface/package.bash'
[6.758s] INFO:colcon.colcon_core.shell:Creating package script '/home/clue/pantilt_ros2/install/pca9685_hardware_interface/share/pca9685_hardware_interface/package.zsh'
[6.759s] Level 1:colcon.colcon_core.environment:create_file_with_runtime_dependencies(/home/clue/pantilt_ros2/install/pca9685_hardware_interface/share/colcon-core/packages/pca9685_hardware_interface)
[6.790s] Level 1:colcon.colcon_core.environment:create_environment_scripts_only(pca9685_hardware_interface)
[6.791s] Level 1:colcon.colcon_core.environment:checking '/home/clue/pantilt_ros2/install/pca9685_hardware_interface' for CMake module files
[6.792s] Level 1:colcon.colcon_core.environment:checking '/home/clue/pantilt_ros2/install/pca9685_hardware_interface' for CMake config files
[6.792s] Level 1:colcon.colcon_core.shell:create_environment_hook('pca9685_hardware_interface', 'cmake_prefix_path')
[6.792s] INFO:colcon.colcon_core.shell:Creating environment hook '/home/clue/pantilt_ros2/install/pca9685_hardware_interface/share/pca9685_hardware_interface/hook/cmake_prefix_path.ps1'
[6.793s] INFO:colcon.colcon_core.shell:Creating environment descriptor '/home/clue/pantilt_ros2/install/pca9685_hardware_interface/share/pca9685_hardware_interface/hook/cmake_prefix_path.dsv'
[6.793s] INFO:colcon.colcon_core.shell:Creating environment hook '/home/clue/pantilt_ros2/install/pca9685_hardware_interface/share/pca9685_hardware_interface/hook/cmake_prefix_path.sh'
[6.794s] Level 1:colcon.colcon_core.environment:checking '/home/clue/pantilt_ros2/install/pca9685_hardware_interface/lib'
[6.794s] Level 1:colcon.colcon_core.shell:create_environment_hook('pca9685_hardware_interface', 'ld_library_path_lib')
[6.794s] INFO:colcon.colcon_core.shell:Creating environment hook '/home/clue/pantilt_ros2/install/pca9685_hardware_interface/share/pca9685_hardware_interface/hook/ld_library_path_lib.ps1'
[6.794s] INFO:colcon.colcon_core.shell:Creating environment descriptor '/home/clue/pantilt_ros2/install/pca9685_hardware_interface/share/pca9685_hardware_interface/hook/ld_library_path_lib.dsv'
[6.795s] INFO:colcon.colcon_core.shell:Creating environment hook '/home/clue/pantilt_ros2/install/pca9685_hardware_interface/share/pca9685_hardware_interface/hook/ld_library_path_lib.sh'
[6.795s] Level 1:colcon.colcon_core.environment:checking '/home/clue/pantilt_ros2/install/pca9685_hardware_interface/bin'
[6.795s] Level 1:colcon.colcon_core.environment:checking '/home/clue/pantilt_ros2/install/pca9685_hardware_interface/lib/pkgconfig/pca9685_hardware_interface.pc'
[6.796s] Level 1:colcon.colcon_core.environment:checking '/home/clue/pantilt_ros2/install/pca9685_hardware_interface/lib/python3.10/site-packages'
[6.796s] Level 1:colcon.colcon_core.environment:checking '/home/clue/pantilt_ros2/install/pca9685_hardware_interface/bin'
[6.797s] INFO:colcon.colcon_core.shell:Creating package script '/home/clue/pantilt_ros2/install/pca9685_hardware_interface/share/pca9685_hardware_interface/package.ps1'
[6.797s] INFO:colcon.colcon_core.shell:Creating package descriptor '/home/clue/pantilt_ros2/install/pca9685_hardware_interface/share/pca9685_hardware_interface/package.dsv'
[6.798s] INFO:colcon.colcon_core.shell:Creating package script '/home/clue/pantilt_ros2/install/pca9685_hardware_interface/share/pca9685_hardware_interface/package.sh'
[6.799s] INFO:colcon.colcon_core.shell:Creating package script '/home/clue/pantilt_ros2/install/pca9685_hardware_interface/share/pca9685_hardware_interface/package.bash'
[6.799s] INFO:colcon.colcon_core.shell:Creating package script '/home/clue/pantilt_ros2/install/pca9685_hardware_interface/share/pca9685_hardware_interface/package.zsh'
[6.799s] Level 1:colcon.colcon_core.environment:create_file_with_runtime_dependencies(/home/clue/pantilt_ros2/install/pca9685_hardware_interface/share/colcon-core/packages/pca9685_hardware_interface)
[6.800s] INFO:colcon.colcon_ros.task.ament_cmake.build:Building ROS package in '/home/clue/pantilt_ros2/src/pantilt_bot_description' with build type 'ament_cmake'
[6.800s] INFO:colcon.colcon_cmake.task.cmake.build:Building CMake package in '/home/clue/pantilt_ros2/src/pantilt_bot_description'
[6.800s] INFO:colcon.colcon_core.shell:Skip shell extension 'powershell' for command environment: Not usable outside of PowerShell
[6.800s] DEBUG:colcon.colcon_core.shell:Skip shell extension 'dsv' for command environment
[6.812s] DEBUG:colcon.colcon_core.event_handler.log_command:Invoking command in '/home/clue/pantilt_ros2/build/pantilt_bot_description': AMENT_PREFIX_PATH=/home/clue/pantilt_ros2/install/pca9685_hardware_interface:${AMENT_PREFIX_PATH} CMAKE_PREFIX_PATH=/home/clue/pantilt_ros2/install/pca9685_hardware_interface:/opt/ros/humble LD_LIBRARY_PATH=/home/clue/pantilt_ros2/install/pca9685_hardware_interface/lib:${LD_LIBRARY_PATH} /usr/bin/cmake /home/clue/pantilt_ros2/src/pantilt_bot_description -DCMAKE_INSTALL_PREFIX=/home/clue/pantilt_ros2/install/pantilt_bot_description
[9.512s] DEBUG:colcon.colcon_core.event_handler.log_command:Invoked command in '/home/clue/pantilt_ros2/build/pantilt_bot_description' returned '0': AMENT_PREFIX_PATH=/home/clue/pantilt_ros2/install/pca9685_hardware_interface:${AMENT_PREFIX_PATH} CMAKE_PREFIX_PATH=/home/clue/pantilt_ros2/install/pca9685_hardware_interface:/opt/ros/humble LD_LIBRARY_PATH=/home/clue/pantilt_ros2/install/pca9685_hardware_interface/lib:${LD_LIBRARY_PATH} /usr/bin/cmake /home/clue/pantilt_ros2/src/pantilt_bot_description -DCMAKE_INSTALL_PREFIX=/home/clue/pantilt_ros2/install/pantilt_bot_description
[9.513s] DEBUG:colcon.colcon_core.event_handler.log_command:Invoking command in '/home/clue/pantilt_ros2/build/pantilt_bot_description': AMENT_PREFIX_PATH=/home/clue/pantilt_ros2/install/pca9685_hardware_interface:${AMENT_PREFIX_PATH} CMAKE_PREFIX_PATH=/home/clue/pantilt_ros2/install/pca9685_hardware_interface:/opt/ros/humble LD_LIBRARY_PATH=/home/clue/pantilt_ros2/install/pca9685_hardware_interface/lib:${LD_LIBRARY_PATH} /usr/bin/cmake --build /home/clue/pantilt_ros2/build/pantilt_bot_description -- -j8 -l8
[9.559s] DEBUG:colcon.colcon_core.event_handler.log_command:Invoked command in '/home/clue/pantilt_ros2/build/pantilt_bot_description' returned '0': AMENT_PREFIX_PATH=/home/clue/pantilt_ros2/install/pca9685_hardware_interface:${AMENT_PREFIX_PATH} CMAKE_PREFIX_PATH=/home/clue/pantilt_ros2/install/pca9685_hardware_interface:/opt/ros/humble LD_LIBRARY_PATH=/home/clue/pantilt_ros2/install/pca9685_hardware_interface/lib:${LD_LIBRARY_PATH} /usr/bin/cmake --build /home/clue/pantilt_ros2/build/pantilt_bot_description -- -j8 -l8
[9.584s] DEBUG:colcon.colcon_core.event_handler.log_command:Invoking command in '/home/clue/pantilt_ros2/build/pantilt_bot_description': AMENT_PREFIX_PATH=/home/clue/pantilt_ros2/install/pca9685_hardware_interface:${AMENT_PREFIX_PATH} CMAKE_PREFIX_PATH=/home/clue/pantilt_ros2/install/pca9685_hardware_interface:/opt/ros/humble LD_LIBRARY_PATH=/home/clue/pantilt_ros2/install/pca9685_hardware_interface/lib:${LD_LIBRARY_PATH} /usr/bin/cmake --install /home/clue/pantilt_ros2/build/pantilt_bot_description
[9.600s] Level 1:colcon.colcon_core.environment:create_environment_scripts_only(pantilt_bot_description)
[9.600s] Level 1:colcon.colcon_core.environment:checking '/home/clue/pantilt_ros2/install/pantilt_bot_description' for CMake module files
[9.601s] DEBUG:colcon.colcon_core.event_handler.log_command:Invoked command in '/home/clue/pantilt_ros2/build/pantilt_bot_description' returned '0': AMENT_PREFIX_PATH=/home/clue/pantilt_ros2/install/pca9685_hardware_interface:${AMENT_PREFIX_PATH} CMAKE_PREFIX_PATH=/home/clue/pantilt_ros2/install/pca9685_hardware_interface:/opt/ros/humble LD_LIBRARY_PATH=/home/clue/pantilt_ros2/install/pca9685_hardware_interface/lib:${LD_LIBRARY_PATH} /usr/bin/cmake --install /home/clue/pantilt_ros2/build/pantilt_bot_description
[9.601s] Level 1:colcon.colcon_core.environment:checking '/home/clue/pantilt_ros2/install/pantilt_bot_description' for CMake config files
[9.601s] Level 1:colcon.colcon_core.shell:create_environment_hook('pantilt_bot_description', 'cmake_prefix_path')
[9.602s] INFO:colcon.colcon_core.shell:Creating environment hook '/home/clue/pantilt_ros2/install/pantilt_bot_description/share/pantilt_bot_description/hook/cmake_prefix_path.ps1'
[9.602s] INFO:colcon.colcon_core.shell:Creating environment descriptor '/home/clue/pantilt_ros2/install/pantilt_bot_description/share/pantilt_bot_description/hook/cmake_prefix_path.dsv'
[9.602s] INFO:colcon.colcon_core.shell:Creating environment hook '/home/clue/pantilt_ros2/install/pantilt_bot_description/share/pantilt_bot_description/hook/cmake_prefix_path.sh'
[9.603s] Level 1:colcon.colcon_core.environment:checking '/home/clue/pantilt_ros2/install/pantilt_bot_description/bin'
[9.603s] Level 1:colcon.colcon_core.environment:checking '/home/clue/pantilt_ros2/install/pantilt_bot_description/lib/pkgconfig/pantilt_bot_description.pc'
[9.603s] Level 1:colcon.colcon_core.environment:checking '/home/clue/pantilt_ros2/install/pantilt_bot_description/lib/python3.10/site-packages'
[9.603s] Level 1:colcon.colcon_core.environment:checking '/home/clue/pantilt_ros2/install/pantilt_bot_description/bin'
[9.604s] INFO:colcon.colcon_core.shell:Creating package script '/home/clue/pantilt_ros2/install/pantilt_bot_description/share/pantilt_bot_description/package.ps1'
[9.604s] INFO:colcon.colcon_core.shell:Creating package descriptor '/home/clue/pantilt_ros2/install/pantilt_bot_description/share/pantilt_bot_description/package.dsv'
[9.605s] INFO:colcon.colcon_core.shell:Creating package script '/home/clue/pantilt_ros2/install/pantilt_bot_description/share/pantilt_bot_description/package.sh'
[9.605s] INFO:colcon.colcon_core.shell:Creating package script '/home/clue/pantilt_ros2/install/pantilt_bot_description/share/pantilt_bot_description/package.bash'
[9.605s] INFO:colcon.colcon_core.shell:Creating package script '/home/clue/pantilt_ros2/install/pantilt_bot_description/share/pantilt_bot_description/package.zsh'
[9.605s] Level 1:colcon.colcon_core.environment:create_file_with_runtime_dependencies(/home/clue/pantilt_ros2/install/pantilt_bot_description/share/colcon-core/packages/pantilt_bot_description)
[9.630s] Level 1:colcon.colcon_core.environment:create_environment_scripts_only(pantilt_bot_description)
[9.631s] Level 1:colcon.colcon_core.environment:checking '/home/clue/pantilt_ros2/install/pantilt_bot_description' for CMake module files
[9.632s] Level 1:colcon.colcon_core.environment:checking '/home/clue/pantilt_ros2/install/pantilt_bot_description' for CMake config files
[9.632s] Level 1:colcon.colcon_core.shell:create_environment_hook('pantilt_bot_description', 'cmake_prefix_path')
[9.633s] INFO:colcon.colcon_core.shell:Creating environment hook '/home/clue/pantilt_ros2/install/pantilt_bot_description/share/pantilt_bot_description/hook/cmake_prefix_path.ps1'
[9.633s] INFO:colcon.colcon_core.shell:Creating environment descriptor '/home/clue/pantilt_ros2/install/pantilt_bot_description/share/pantilt_bot_description/hook/cmake_prefix_path.dsv'
[9.634s] INFO:colcon.colcon_core.shell:Creating environment hook '/home/clue/pantilt_ros2/install/pantilt_bot_description/share/pantilt_bot_description/hook/cmake_prefix_path.sh'
[9.635s] Level 1:colcon.colcon_core.environment:checking '/home/clue/pantilt_ros2/install/pantilt_bot_description/bin'
[9.635s] Level 1:colcon.colcon_core.environment:checking '/home/clue/pantilt_ros2/install/pantilt_bot_description/lib/pkgconfig/pantilt_bot_description.pc'
[9.635s] Level 1:colcon.colcon_core.environment:checking '/home/clue/pantilt_ros2/install/pantilt_bot_description/lib/python3.10/site-packages'
[9.636s] Level 1:colcon.colcon_core.environment:checking '/home/clue/pantilt_ros2/install/pantilt_bot_description/bin'
[9.637s] INFO:colcon.colcon_core.shell:Creating package script '/home/clue/pantilt_ros2/install/pantilt_bot_description/share/pantilt_bot_description/package.ps1'
[9.637s] INFO:colcon.colcon_core.shell:Creating package descriptor '/home/clue/pantilt_ros2/install/pantilt_bot_description/share/pantilt_bot_description/package.dsv'
[9.638s] INFO:colcon.colcon_core.shell:Creating package script '/home/clue/pantilt_ros2/install/pantilt_bot_description/share/pantilt_bot_description/package.sh'
[9.638s] INFO:colcon.colcon_core.shell:Creating package script '/home/clue/pantilt_ros2/install/pantilt_bot_description/share/pantilt_bot_description/package.bash'
[9.639s] INFO:colcon.colcon_core.shell:Creating package script '/home/clue/pantilt_ros2/install/pantilt_bot_description/share/pantilt_bot_description/package.zsh'
[9.639s] Level 1:colcon.colcon_core.environment:create_file_with_runtime_dependencies(/home/clue/pantilt_ros2/install/pantilt_bot_description/share/colcon-core/packages/pantilt_bot_description)
[9.640s] DEBUG:colcon.colcon_parallel_executor.executor.parallel:closing loop
[9.640s] DEBUG:colcon.colcon_parallel_executor.executor.parallel:loop closed
[9.640s] DEBUG:colcon.colcon_parallel_executor.executor.parallel:run_until_complete finished with '0'
[9.640s] DEBUG:colcon.colcon_core.event_reactor:joining thread
[9.646s] INFO:colcon.colcon_core.plugin_system:Skipping extension 'colcon_notification.desktop_notification.terminal_notifier': Not used on non-Darwin systems
[9.646s] INFO:colcon.colcon_core.plugin_system:Skipping extension 'colcon_notification.desktop_notification.win32': Not used on non-Windows systems
[9.647s] INFO:colcon.colcon_notification.desktop_notification:Sending desktop notification using 'notify2'
[9.661s] DEBUG:colcon.colcon_core.event_reactor:joined thread
[9.661s] INFO:colcon.colcon_core.shell:Creating prefix script '/home/clue/pantilt_ros2/install/local_setup.ps1'
[9.662s] INFO:colcon.colcon_core.shell:Creating prefix util module '/home/clue/pantilt_ros2/install/_local_setup_util_ps1.py'
[9.663s] INFO:colcon.colcon_core.shell:Creating prefix chain script '/home/clue/pantilt_ros2/install/setup.ps1'
[9.664s] INFO:colcon.colcon_core.shell:Creating prefix script '/home/clue/pantilt_ros2/install/local_setup.sh'
[9.665s] INFO:colcon.colcon_core.shell:Creating prefix util module '/home/clue/pantilt_ros2/install/_local_setup_util_sh.py'
[9.665s] INFO:colcon.colcon_core.shell:Creating prefix chain script '/home/clue/pantilt_ros2/install/setup.sh'
[9.666s] INFO:colcon.colcon_core.shell:Creating prefix script '/home/clue/pantilt_ros2/install/local_setup.bash'
[9.667s] INFO:colcon.colcon_core.shell:Creating prefix chain script '/home/clue/pantilt_ros2/install/setup.bash'
[9.669s] INFO:colcon.colcon_core.shell:Creating prefix script '/home/clue/pantilt_ros2/install/local_setup.zsh'
[9.670s] INFO:colcon.colcon_core.shell:Creating prefix chain script '/home/clue/pantilt_ros2/install/setup.zsh'
